{"sessionId": "965baa", "hypothesisId": "H1,H2", "location": "query_bridge.py:_run_async", "message": "delivery_final_failure", "data": {"status": "failed", "detail_snip": "Message delivery failed", "has_verified_err": false}, "timestamp": 1775350373500}
{"sessionId": "965baa", "hypothesisId": "H1,H2,H3", "location": "query_bridge.py:_run_async", "message": "pre_send", "data": {"destination_prefix": "agent1q0yt07dlgzxh", "destination_len": 65, "snapshot_schema_digest": "model:ab18db570e1760483f1f3dc815de54c939fd2e1d9aa4ef960997ae76c64cd738", "cognitive_out_digest": "model:5bceac6ff4aa5eaf71388c0e51ae5fba801a48503dbfd9cad8d17cce291fd318", "starts_agent1q": true}, "timestamp": 1775350774614}
{"sessionId": "965baa", "hypothesisId": "H4,H6", "location": "query_bridge.py:_run_async", "message": "query_sender", "data": {"mode": "agent", "sender_prefix": "agent1qvqala7t", "is_user_address": false}, "timestamp": 1775350774626}
{"sessionId": "965baa", "hypothesisId": "H1,H2", "location": "query_bridge.py:_run_async", "message": "delivery_final_failure", "data": {"status": "failed", "detail_snip": "Message delivery failed", "has_verified_err": false}, "timestamp": 1775350895368}
{"sessionId": "965baa", "hypothesisId": "H1,H2,H3", "location": "query_bridge.py:_run_async", "message": "pre_send", "data": {"destination_prefix": "agent1q0yt07dlgzxh", "destination_len": 65, "snapshot_schema_digest": "model:ab18db570e1760483f1f3dc815de54c939fd2e1d9aa4ef960997ae76c64cd738", "cognitive_out_digest": "model:5bceac6ff4aa5eaf71388c0e51ae5fba801a48503dbfd9cad8d17cce291fd318", "starts_agent1q": true}, "timestamp": 1775351233824}
{"sessionId": "965baa", "hypothesisId": "H4,H6", "location": "query_bridge.py:_run_async", "message": "query_sender", "data": {"mode": "agent", "sender_prefix": "agent1q0hkcgvg", "is_user_address": false}, "timestamp": 1775351233836}
{"sessionId": "965baa", "hypothesisId": "H1", "location": "query_bridge.py:_run_async", "message": "ok_true", "data": {"chain": "drift-only"}, "timestamp": 1775351235794}
{"sessionId": "965baa", "hypothesisId": "H1,H2,H3", "location": "query_bridge.py:_run_async", "message": "pre_send", "data": {"destination_prefix": "agent1q0yt07dlgzxh", "destination_len": 65, "snapshot_schema_digest": "model:ab18db570e1760483f1f3dc815de54c939fd2e1d9aa4ef960997ae76c64cd738", "cognitive_out_digest": "model:5bceac6ff4aa5eaf71388c0e51ae5fba801a48503dbfd9cad8d17cce291fd318", "starts_agent1q": true}, "timestamp": 1775351500708}
{"sessionId": "965baa", "hypothesisId": "H4,H6", "location": "query_bridge.py:_run_async", "message": "query_sender", "data": {"mode": "agent", "sender_prefix": "agent1q2lull9u", "is_user_address": false}, "timestamp": 1775351500728}
{"sessionId": "965baa", "hypothesisId": "H1", "location": "query_bridge.py:_run_async", "message": "ok_true", "data": {"chain": "boomer-asi1-local"}, "timestamp": 1775351507287}
{"sessionId": "965baa", "hypothesisId": "H1,H2,H3", "location": "query_bridge.py:_run_async", "message": "pre_send", "data": {"destination_prefix": "agent1q0yt07dlgzxh", "destination_len": 65, "snapshot_schema_digest": "model:ab18db570e1760483f1f3dc815de54c939fd2e1d9aa4ef960997ae76c64cd738", "cognitive_out_digest": "model:5bceac6ff4aa5eaf71388c0e51ae5fba801a48503dbfd9cad8d17cce291fd318", "starts_agent1q": true}, "timestamp": 1775367548979}
{"sessionId": "965baa", "hypothesisId": "H4,H6", "location": "query_bridge.py:_run_async", "message": "query_sender", "data": {"mode": "agent", "sender_prefix": "agent1qtqnxw49", "is_user_address": false}, "timestamp": 1775367548998}
{"sessionId": "965baa", "hypothesisId": "H1", "location": "query_bridge.py:_run_async", "message": "ok_true", "data": {"chain": "boomer-asi1-local"}, "timestamp": 1775367555094}
{"sessionId": "965baa", "hypothesisId": "H1,H2,H3", "location": "query_bridge.py:_run_async", "message": "pre_send", "data": {"destination_prefix": "agent1q0yt07dlgzxh", "destination_len": 65, "snapshot_schema_digest": "model:ab18db570e1760483f1f3dc815de54c939fd2e1d9aa4ef960997ae76c64cd738", "cognitive_out_digest": "model:5bceac6ff4aa5eaf71388c0e51ae5fba801a48503dbfd9cad8d17cce291fd318", "starts_agent1q": true}, "timestamp": 1775368171195}
{"sessionId": "965baa", "hypothesisId": "H4,H6", "location": "query_bridge.py:_run_async", "message": "query_sender", "data": {"mode": "agent", "sender_prefix": "agent1q02l9ktv", "is_user_address": false}, "timestamp": 1775368171201}
{"sessionId": "965baa", "hypothesisId": "H1", "location": "query_bridge.py:_run_async", "message": "ok_true", "data": {"chain": "boomer-asi1-local"}, "timestamp": 1775368177630}
{"sessionId": "965baa", "hypothesisId": "H1,H2,H3", "location": "query_bridge.py:_run_async", "message": "pre_send", "data": {"destination_prefix": "agent1q0yt07dlgzxh", "destination_len": 65, "snapshot_schema_digest": "model:ab18db570e1760483f1f3dc815de54c939fd2e1d9aa4ef960997ae76c64cd738", "cognitive_out_digest": "model:5bceac6ff4aa5eaf71388c0e51ae5fba801a48503dbfd9cad8d17cce291fd318", "starts_agent1q": true}, "timestamp": 1775368198347}
{"sessionId": "965baa", "hypothesisId": "H4,H6", "location": "query_bridge.py:_run_async", "message": "query_sender", "data": {"mode": "agent", "sender_prefix": "agent1q2dteynd", "is_user_address": false}, "timestamp": 1775368198351}
{"sessionId": "965baa", "hypothesisId": "H1", "location": "query_bridge.py:_run_async", "message": "ok_true", "data": {"chain": "boomer-asi1-local"}, "timestamp": 1775368206763}
{"sessionId": "965baa", "hypothesisId": "H1,H2,H3", "location": "query_bridge.py:_run_async", "message": "pre_send", "data": {"destination_prefix": "agent1q0yt07dlgzxh", "destination_len": 65, "snapshot_schema_digest": "model:ab18db570e1760483f1f3dc815de54c939fd2e1d9aa4ef960997ae76c64cd738", "cognitive_out_digest": "model:5bceac6ff4aa5eaf71388c0e51ae5fba801a48503dbfd9cad8d17cce291fd318", "starts_agent1q": true}, "timestamp": 1775368337847}
{"sessionId": "965baa", "hypothesisId": "H4,H6", "location": "query_bridge.py:_run_async", "message": "query_sender", "data": {"mode": "agent", "sender_prefix": "agent1qfrqxulw", "is_user_address": false}, "timestamp": 1775368337860}
{"sessionId": "965baa", "hypothesisId": "H1", "location": "query_bridge.py:_run_async", "message": "ok_true", "data": {"chain": "boomer-asi1-local"}, "timestamp": 1775368341323}
{"sessionId": "965baa", "hypothesisId": "H1,H2,H3", "location": "query_bridge.py:_run_async", "message": "pre_send", "data": {"destination_prefix": "agent1q0yt07dlgzxh", "destination_len": 65, "snapshot_schema_digest": "model:ab18db570e1760483f1f3dc815de54c939fd2e1d9aa4ef960997ae76c64cd738", "cognitive_out_digest": "model:5bceac6ff4aa5eaf71388c0e51ae5fba801a48503dbfd9cad8d17cce291fd318", "starts_agent1q": true}, "timestamp": 1775368384908}
{"sessionId": "965baa", "hypothesisId": "H4,H6", "location": "query_bridge.py:_run_async", "message": "query_sender", "data": {"mode": "agent", "sender_prefix": "agent1qgpznvvh", "is_user_address": false}, "timestamp": 1775368384919}
{"sessionId": "965baa", "hypothesisId": "H1", "location": "query_bridge.py:_run_async", "message": "ok_true", "data": {"chain": "boomer-asi1-local"}, "timestamp": 1775368388496}
{"sessionId": "965baa", "hypothesisId": "H1,H2,H3", "location": "query_bridge.py:_run_async", "message": "pre_send", "data": {"destination_prefix": "agent1q0yt07dlgzxh", "destination_len": 65, "snapshot_schema_digest": "model:ab18db570e1760483f1f3dc815de54c939fd2e1d9aa4ef960997ae76c64cd738", "cognitive_out_digest": "model:5bceac6ff4aa5eaf71388c0e51ae5fba801a48503dbfd9cad8d17cce291fd318", "starts_agent1q": true}, "timestamp": 1775368479784}
{"sessionId": "965baa", "hypothesisId": "H4,H6", "location": "query_bridge.py:_run_async", "message": "query_sender", "data": {"mode": "agent", "sender_prefix": "agent1qtxfugqq", "is_user_address": false}, "timestamp": 1775368479793}
{"sessionId": "965baa", "hypothesisId": "H1", "location": "query_bridge.py:_run_async", "message": "ok_true", "data": {"chain": "boomer-asi1-local"}, "timestamp": 1775368488690}
{"sessionId": "965baa", "hypothesisId": "H1,H2,H3", "location": "query_bridge.py:_run_async", "message": "pre_send", "data": {"destination_prefix": "agent1q0yt07dlgzxh", "destination_len": 65, "snapshot_schema_digest": "model:ab18db570e1760483f1f3dc815de54c939fd2e1d9aa4ef960997ae76c64cd738", "cognitive_out_digest": "model:5bceac6ff4aa5eaf71388c0e51ae5fba801a48503dbfd9cad8d17cce291fd318", "starts_agent1q": true}, "timestamp": 1775368633382}
{"sessionId": "965baa", "hypothesisId": "H4,H6", "location": "query_bridge.py:_run_async", "message": "query_sender", "data": {"mode": "agent", "sender_prefix": "agent1qv3huzv6", "is_user_address": false}, "timestamp": 1775368633390}
{"sessionId": "965baa", "hypothesisId": "H1,H2", "location": "query_bridge.py:_run_async", "message": "delivery_final_failure", "data": {"status": "failed", "detail_snip": "Message delivery failed", "has_verified_err": false}, "timestamp": 1775368753857}
{"sessionId": "965baa", "hypothesisId": "H1,H2,H3", "location": "query_bridge.py:_run_async", "message": "pre_send", "data": {"destination_prefix": "agent1q0yt07dlgzxh", "destination_len": 65, "snapshot_schema_digest": "model:ab18db570e1760483f1f3dc815de54c939fd2e1d9aa4ef960997ae76c64cd738", "cognitive_out_digest": "model:5bceac6ff4aa5eaf71388c0e51ae5fba801a48503dbfd9cad8d17cce291fd318", "starts_agent1q": true}, "timestamp": 1775368928403}
{"sessionId": "965baa", "hypothesisId": "H4,H6", "location": "query_bridge.py:_run_async", "message": "query_sender", "data": {"mode": "agent", "sender_prefix": "agent1qgkunnwc", "is_user_address": false}, "timestamp": 1775368928412}
{"sessionId": "965baa", "hypothesisId": "H1", "location": "query_bridge.py:_run_async", "message": "ok_true", "data": {"chain": "boomer-asi1-local"}, "timestamp": 1775368932202}
{"sessionId": "965baa", "hypothesisId": "H1,H2,H3", "location": "query_bridge.py:_run_async", "message": "pre_send", "data": {"destination_prefix": "agent1q0yt07dlgzxh", "destination_len": 65, "snapshot_schema_digest": "model:ab18db570e1760483f1f3dc815de54c939fd2e1d9aa4ef960997ae76c64cd738", "cognitive_out_digest": "model:5bceac6ff4aa5eaf71388c0e51ae5fba801a48503dbfd9cad8d17cce291fd318", "starts_agent1q": true}, "timestamp": 1775369059351}
{"sessionId": "965baa", "hypothesisId": "H4,H6", "location": "query_bridge.py:_run_async", "message": "query_sender", "data": {"mode": "agent", "sender_prefix": "agent1qwfa2u35", "is_user_address": false}, "timestamp": 1775369059358}
{"sessionId": "965baa", "hypothesisId": "H1", "location": "query_bridge.py:_run_async", "message": "ok_true", "data": {"chain": "boomer-asi1-local"}, "timestamp": 1775369065011}
